<?xml version="1.0" encoding="UTF-8"?>
<testsuite xmlns:xsi="http://www.w3.org/2001/XMLSchema-instance" xsi:noNamespaceSchemaLocation="https://maven.apache.org/surefire/maven-surefire-plugin/xsd/surefire-test-report-3.0.xsd" version="3.0" name="ClienteRegistratoTest" time="0.414" tests="5" errors="0" skipped="0" failures="0">
  <properties>
    <property name="java.specification.version" value="15"/>
    <property name="sun.cpu.isalist" value="amd64"/>
    <property name="sun.jnu.encoding" value="Cp1252"/>
    <property name="java.class.path" value="C:\Users\laksh\git\Folder_Gestione\Gestione_Example\target\test-classes;C:\Users\laksh\git\Folder_Gestione\Gestione_Example\target\classes;C:\Users\laksh\.m2\repository\org\testng\testng\7.3.0\testng-7.3.0.jar;C:\Users\laksh\.m2\repository\com\beust\jcommander\1.78\jcommander-1.78.jar;C:\Users\laksh\.m2\repository\org\apache\ant\ant\1.10.3\ant-1.10.3.jar;C:\Users\laksh\.m2\repository\org\apache\ant\ant-launcher\1.10.3\ant-launcher-1.10.3.jar;C:\Users\laksh\.m2\repository\junit\junit\4.12\junit-4.12.jar;C:\Users\laksh\.m2\repository\org\hamcrest\hamcrest-core\1.3\hamcrest-core-1.3.jar;C:\Users\laksh\.m2\repository\com\google\inject\guice\4.2.2\guice-4.2.2-no_aop.jar;C:\Users\laksh\.m2\repository\javax\inject\javax.inject\1\javax.inject-1.jar;C:\Users\laksh\.m2\repository\aopalliance\aopalliance\1.0\aopalliance-1.0.jar;C:\Users\laksh\.m2\repository\com\google\guava\guava\25.1-android\guava-25.1-android.jar;C:\Users\laksh\.m2\repository\com\google\code\findbugs\jsr305\3.0.2\jsr305-3.0.2.jar;C:\Users\laksh\.m2\repository\org\checkerframework\checker-compat-qual\2.0.0\checker-compat-qual-2.0.0.jar;C:\Users\laksh\.m2\repository\com\google\errorprone\error_prone_annotations\2.1.3\error_prone_annotations-2.1.3.jar;C:\Users\laksh\.m2\repository\com\google\j2objc\j2objc-annotations\1.1\j2objc-annotations-1.1.jar;C:\Users\laksh\.m2\repository\org\codehaus\mojo\animal-sniffer-annotations\1.14\animal-sniffer-annotations-1.14.jar;C:\Users\laksh\.m2\repository\org\yaml\snakeyaml\1.21\snakeyaml-1.21.jar;C:\Users\laksh\.m2\repository\mysql\mysql-connector-java\8.0.30\mysql-connector-java-8.0.30.jar;C:\Users\laksh\.m2\repository\com\google\protobuf\protobuf-java\3.19.4\protobuf-java-3.19.4.jar;"/>
    <property name="java.vm.vendor" value="Oracle Corporation"/>
    <property name="sun.arch.data.model" value="64"/>
    <property name="user.variant" value=""/>
    <property name="java.vendor.url" value="https://java.oracle.com/"/>
    <property name="user.timezone" value="Europe/Rome"/>
    <property name="os.name" value="Windows 10"/>
    <property name="java.vm.specification.version" value="15"/>
    <property name="sun.java.launcher" value="SUN_STANDARD"/>
    <property name="user.country" value="IT"/>
    <property name="sun.boot.library.path" value="C:\Program Files\Java\jdk-15.0.1\bin"/>
    <property name="sun.java.command" value="C:\Users\laksh\AppData\Local\Temp\surefire17669721843484298037\surefirebooter-20220804191831081_3.jar C:\Users\laksh\AppData\Local\Temp\surefire17669721843484298037 2022-08-04T19-18-30_642-jvmRun1 surefire-20220804191831081_1tmp surefire_0-20220804191831081_2tmp"/>
    <property name="jdk.debug" value="release"/>
    <property name="surefire.test.class.path" value="C:\Users\laksh\git\Folder_Gestione\Gestione_Example\target\test-classes;C:\Users\laksh\git\Folder_Gestione\Gestione_Example\target\classes;C:\Users\laksh\.m2\repository\org\testng\testng\7.3.0\testng-7.3.0.jar;C:\Users\laksh\.m2\repository\com\beust\jcommander\1.78\jcommander-1.78.jar;C:\Users\laksh\.m2\repository\org\apache\ant\ant\1.10.3\ant-1.10.3.jar;C:\Users\laksh\.m2\repository\org\apache\ant\ant-launcher\1.10.3\ant-launcher-1.10.3.jar;C:\Users\laksh\.m2\repository\junit\junit\4.12\junit-4.12.jar;C:\Users\laksh\.m2\repository\org\hamcrest\hamcrest-core\1.3\hamcrest-core-1.3.jar;C:\Users\laksh\.m2\repository\com\google\inject\guice\4.2.2\guice-4.2.2-no_aop.jar;C:\Users\laksh\.m2\repository\javax\inject\javax.inject\1\javax.inject-1.jar;C:\Users\laksh\.m2\repository\aopalliance\aopalliance\1.0\aopalliance-1.0.jar;C:\Users\laksh\.m2\repository\com\google\guava\guava\25.1-android\guava-25.1-android.jar;C:\Users\laksh\.m2\repository\com\google\code\findbugs\jsr305\3.0.2\jsr305-3.0.2.jar;C:\Users\laksh\.m2\repository\org\checkerframework\checker-compat-qual\2.0.0\checker-compat-qual-2.0.0.jar;C:\Users\laksh\.m2\repository\com\google\errorprone\error_prone_annotations\2.1.3\error_prone_annotations-2.1.3.jar;C:\Users\laksh\.m2\repository\com\google\j2objc\j2objc-annotations\1.1\j2objc-annotations-1.1.jar;C:\Users\laksh\.m2\repository\org\codehaus\mojo\animal-sniffer-annotations\1.14\animal-sniffer-annotations-1.14.jar;C:\Users\laksh\.m2\repository\org\yaml\snakeyaml\1.21\snakeyaml-1.21.jar;C:\Users\laksh\.m2\repository\mysql\mysql-connector-java\8.0.30\mysql-connector-java-8.0.30.jar;C:\Users\laksh\.m2\repository\com\google\protobuf\protobuf-java\3.19.4\protobuf-java-3.19.4.jar;"/>
    <property name="sun.cpu.endian" value="little"/>
    <property name="user.home" value="C:\Users\laksh"/>
    <property name="user.language" value="it"/>
    <property name="java.specification.vendor" value="Oracle Corporation"/>
    <property name="java.version.date" value="2020-10-20"/>
    <property name="java.home" value="C:\Program Files\Java\jdk-15.0.1"/>
    <property name="file.separator" value="\"/>
    <property name="basedir" value="C:\Users\laksh\git\Folder_Gestione\Gestione_Example"/>
    <property name="java.vm.compressedOopsMode" value="Zero based"/>
    <property name="line.separator" value="&#10;"/>
    <property name="java.vm.specification.vendor" value="Oracle Corporation"/>
    <property name="java.specification.name" value="Java Platform API Specification"/>
    <property name="surefire.real.class.path" value="C:\Users\laksh\AppData\Local\Temp\surefire17669721843484298037\surefirebooter-20220804191831081_3.jar"/>
    <property name="user.script" value=""/>
    <property name="sun.management.compiler" value="HotSpot 64-Bit Tiered Compilers"/>
    <property name="java.runtime.version" value="15.0.1+9-18"/>
    <property name="user.name" value="laksh"/>
    <property name="path.separator" value=";"/>
    <property name="os.version" value="10.0"/>
    <property name="java.runtime.name" value="Java(TM) SE Runtime Environment"/>
    <property name="file.encoding" value="Cp1252"/>
    <property name="java.vm.name" value="Java HotSpot(TM) 64-Bit Server VM"/>
    <property name="localRepository" value="C:\Users\laksh\.m2\repository"/>
    <property name="java.vendor.url.bug" value="https://bugreport.java.com/bugreport/"/>
    <property name="java.io.tmpdir" value="C:\Users\laksh\AppData\Local\Temp\"/>
    <property name="java.version" value="15.0.1"/>
    <property name="user.dir" value="C:\Users\laksh\git\Folder_Gestione\Gestione_Example"/>
    <property name="os.arch" value="amd64"/>
    <property name="java.vm.specification.name" value="Java Virtual Machine Specification"/>
    <property name="sun.os.patch.level" value=""/>
    <property name="java.library.path" value="C:\Program Files\Java\jdk-15.0.1\bin;C:\WINDOWS\Sun\Java\bin;C:\WINDOWS\system32;C:\WINDOWS;C:/Users/laksh/.p2/pool/plugins/org.eclipse.justj.openjdk.hotspot.jre.full.win32.x86_64_14.0.2.v20200815-0932/jre/bin/server;C:/Users/laksh/.p2/pool/plugins/org.eclipse.justj.openjdk.hotspot.jre.full.win32.x86_64_14.0.2.v20200815-0932/jre/bin;C:\Program Files (x86)\VMware\VMware Player\bin\;C:\Program Files\Common Files\Oracle\Java\javapath;C:\WINDOWS\system32;C:\WINDOWS;C:\WINDOWS\System32\Wbem;C:\WINDOWS\System32\WindowsPowerShell\v1.0\;C:\WINDOWS\System32\OpenSSH\;C:\Program Files\Java\jdk-15.0.1\bin;C:\Program Files\MATLAB\R2021b\bin;C:\Program Files\Microsoft SQL Server\Client SDK\ODBC\170\Tools\Binn\;C:\Program Files (x86)\Microsoft SQL Server\150\Tools\Binn\;C:\Program Files\Microsoft SQL Server\150\Tools\Binn\;C:\Program Files\Microsoft SQL Server\150\DTS\Binn\;C:\Program Files\Git\cmd;C:\Users\laksh\AppData\Local\Microsoft\WindowsApps;C:\Users\laksh\AppData\Local\Programs\Microsoft VS Code\bin;C:\Users\laksh\AppData\Local\GitHubDesktop\bin;C:\Windows;;."/>
    <property name="java.vm.info" value="mixed mode, sharing"/>
    <property name="java.vendor" value="Oracle Corporation"/>
    <property name="java.vm.version" value="15.0.1+9-18"/>
    <property name="sun.io.unicode.encoding" value="UnicodeLittle"/>
    <property name="java.class.version" value="59.0"/>
  </properties>
  <testcase name="getPasswordTest on getPasswordTest(ClienteRegistratoTest)" classname="ClienteRegistratoTest" time="0.003"/>
  <testcase name="getUsernameTest on getUsernameTest(ClienteRegistratoTest)" classname="ClienteRegistratoTest" time="0"/>
  <testcase name="getNomeTest on getNomeTest(ClienteRegistratoTest)" classname="ClienteRegistratoTest" time="0"/>
  <testcase name="getCognomeTest on getCognomeTest(ClienteRegistratoTest)" classname="ClienteRegistratoTest" time="0"/>
  <testcase name="getEmailTest on getEmailTest(ClienteRegistratoTest)" classname="ClienteRegistratoTest" time="0"/>
</testsuite>