<?xml version="1.0" encoding="UTF-8"?>
<!-- Generated by org.testng.reporters.JUnitReportReporter -->
<testsuite hostname="LAPTOP-O4CI0IUR" failures="0" tests="5" name="ClienteRegistratoTest" time="0.031" errors="0" timestamp="2022-08-05T10:46:38 CEST" skipped="0">
  <testcase classname="ClienteRegistratoTest" name="getUsernameTest" time="0.005"/>
  <system-out/>
  <testcase classname="ClienteRegistratoTest" name="getPasswordTest" time="0.007"/>
  <system-out/>
  <testcase classname="ClienteRegistratoTest" name="getEmailTest" time="0.006"/>
  <system-out/>
  <testcase classname="ClienteRegistratoTest" name="getNomeTest" time="0.006"/>
  <system-out/>
  <testcase classname="ClienteRegistratoTest" name="getCognomeTest" time="0.007"/>
  <system-out/>
</testsuite> <!-- ClienteRegistratoTest -->
