<?xml version="1.0" encoding="UTF-8"?>
<!-- Generated by org.testng.reporters.JUnitReportReporter -->
<testsuite hostname="LAPTOP-O4CI0IUR" failures="0" tests="5" name="ClienteRegistratoTest" time="0.094" errors="0" timestamp="2022-08-04T17:29:28 CEST" skipped="0">
  <testcase classname="ClienteRegistratoTest" name="getPasswordTest" time="0.019"/>
  <system-out/>
  <testcase classname="ClienteRegistratoTest" name="getCognomeTest" time="0.019"/>
  <system-out/>
  <testcase classname="ClienteRegistratoTest" name="getNomeTest" time="0.019"/>
  <system-out/>
  <testcase classname="ClienteRegistratoTest" name="getUsernameTest" time="0.018"/>
  <system-out/>
  <testcase classname="ClienteRegistratoTest" name="getEmailTest" time="0.019"/>
  <system-out/>
</testsuite> <!-- ClienteRegistratoTest -->
